05/27/2019 08:11:39 pm - {log:[6422690,0,0,0,0,0,0,0,0,0,1048656,0,0,0,0,0,0,0,0,0,983119,0,0,0,0,0,0,0,0,0,1048656,0,0,0,0,0,0,0,0,0,1048656,0,0,0,0,0,0,0,0,0,1048656,0,0,0,0,0,0,0,0,0,1048656,0,0,0,0,0,0,0,0,0,70,71,72,73,74,75,76,77,78,79]}
05/27/2019 08:12:36 pm - 
05/27/2019 08:14:44 pm - {log:[2145308,0,0,0,0,0,0,0,0,0,1048656,0,0,0,0,0,0,0,0,0,1048656,0,0,0,0,0,0,0,0,0,1048656,0,0,0,0,0,0,0,0,0,1048656,0,0,0,0,0,0,0,0,0,983119,0,0,0,0,0,0,0,0,0,1048656,0,0,0,0,0,0,0,0,0,70,71,72,73,74,75,76,77,78,79]}
05/27/2019 08:16:57 pm - {log:[2359396,0,0,0,0,0,0,0,0,0,983119,0,0,0,0,0,0,0,0,0,1048656,0,0,0,0,0,0,0,0,0,1048656,0,0,0,0,0,0,0,0,0,1048656,0,0,0,0,0,0,0,0,0,1048656,0,0,0,0,0,0,0,0,0,1048656,0,0,0,0,0,0,0,0,0,70,71,72,73,74,75,76,77,78,79]}
05/27/2019 08:19:05 pm - {log:[2556007,0,0,0,0,0,0,0,0,0,1048656,0,0,0,0,0,0,0,0,0,983119,0,0,0,0,0,0,0,0,0,1048656,0,0,0,0,0,0,0,0,0,1048656,0,0,0,0,0,0,0,0,0,1048656,0,0,0,0,0,0,0,0,0,1048656,0,0,0,0,0,0,0,0,0,70,71,72,73,74,75,76,77,78,79]}
05/27/2019 08:22:22 pm - {log:[2293859,0,0,0,0,0,0,0,0,0,1048656,0,0,0,0,0,0,0,0,0,5308561,0,0,0,0,0,0,0,0,0,1048656,0,0,0,0,0,0,0,0,0,1048656,0,0,0,0,0,0,0,0,0,983119,0,0,0,0,0,0,0,0,0,1048656,0,0,0,0,0,0,0,0,0,70,71,72,73,74,75,76,77,78,79]}
05/27/2019 08:25:08 pm - {log:[2556007,0,0,0,0,0,0,0,0,0,1048656,0,0,0,0,0,0,0,0,0,1048656,0,0,0,0,0,0,0,0,0,3539062,0,0,0,0,0,0,0,0,0,1048656,0,0,0,0,0,0,0,0,0,1048656,0,0,0,0,0,0,0,0,0,983119,0,0,0,0,0,0,0,0,0,1048656,0,0,0,0,0,0,0,0,0]}
05/27/2019 08:27:21 pm - {log:[1310804,0,0,0,0,0,0,0,0,0,983119,0,0,0,0,0,0,0,0,0,1048656,0,0,0,0,0,0,0,0,0,1048656,0,0,0,0,0,0,0,0,0,1048656,0,0,0,0,0,0,0,0,0,1048656,0,0,0,0,0,0,0,0,0,1048656,0,0,0,0,0,0,0,0,0,1048656,0,0,0,0,0,0,0,0,0]}
05/27/2019 08:29:29 pm - {log:[1507415,0,0,0,0,0,0,0,0,0,1048656,0,0,0,0,0,0,0,0,0,1048656,0,0,0,0,0,0,0,0,0,1048656,0,0,0,0,0,0,0,0,0,983119,0,0,0,0,0,0,0,0,0,1048656,0,0,0,0,0,0,0,0,0,1048656,0,0,0,0,0,0,0,0,0,1048656,0,0,0,0,0,0,0,0,0]}
05/27/2019 08:31:38 pm - {log:[1245267,0,0,0,0,0,0,0,0,0,1048656,0,0,0,0,0,0,0,0,0,1048656,0,0,0,0,0,0,0,0,0,1048656,0,0,0,0,0,0,0,0,0,1048656,0,0,0,0,0,0,0,0,0,1048656,0,0,0,0,0,0,0,0,0,983119,0,0,0,0,0,0,0,0,0,1114193,0,0,0,0,0,0,0,0,0]}
05/27/2019 08:33:47 pm - {log:[1245267,0,0,0,0,0,0,0,0,0,983119,0,0,0,0,0,0,0,0,0,1048656,0,0,0,0,0,0,0,0,0,1048656,0,0,0,0,0,0,0,0,0,1048656,0,0,0,0,0,0,0,0,0,1048656,0,0,0,0,0,0,0,0,0,1048656,0,0,0,0,0,0,0,0,0,1048656,0,0,0,0,0,0,0,0,0]}
05/27/2019 08:35:59 pm - {log:[1245267,0,0,0,0,0,0,0,0,0,1048656,0,0,0,0,0,0,0,0,0,1048656,0,0,0,0,0,0,0,0,0,1048656,0,0,0,0,0,0,0,0,0,1048656,0,0,0,0,0,0,0,0,0,983119,0,0,0,0,0,0,0,0,0,1048656,0,0,0,0,0,0,0,0,0,1048656,0,0,0,0,0,0,0,0,0]}
05/27/2019 08:38:08 pm - {log:[1507415,0,0,0,0,0,0,0,0,0,1048656,0,0,0,0,0,0,0,0,0,1048656,0,0,0,0,0,0,0,0,0,1048656,0,0,0,0,0,0,0,0,0,1048656,0,0,0,0,0,0,0,0,0,1048656,0,0,0,0,0,0,0,0,0,1048656,0,0,0,0,0,0,0,0,0,1048656,0,0,0,0,0,0,0,0,0]}
05/27/2019 08:40:16 pm - {log:[1245267,0,0,0,0,0,0,0,0,0,1048656,0,0,0,0,0,0,0,0,0,1048656,0,0,0,0,0,0,0,0,0,983119,0,0,0,0,0,0,0,0,0,1048656,0,0,0,0,0,0,0,0,0,1048656,0,0,0,0,0,0,0,0,0,1048656,0,0,0,0,0,0,0,0,0,1048656,0,0,0,0,0,0,0,0,0]}
05/27/2019 08:42:25 pm - {log:[1245267,0,0,0,0,0,0,0,0,0,1048656,0,0,0,0,0,0,0,0,0,1048656,0,0,0,0,0,0,0,0,0,1048656,0,0,0,0,0,0,0,0,0,1048656,0,0,0,0,0,0,0,0,0,1048656,0,0,0,0,0,0,0,0,0,983119,0,0,0,0,0,0,0,0,0,1048656,0,0,0,0,0,0,0,0,0]}
05/27/2019 08:44:34 pm - {log:[1310804,0,0,0,0,0,0,0,0,0,983119,0,0,0,0,0,0,0,0,0,1048656,0,0,0,0,0,0,0,0,0,1048656,0,0,0,0,0,0,0,0,0,1048656,0,0,0,0,0,0,0,0,0,1048656,0,0,0,0,0,0,0,0,0,1048656,0,0,0,0,0,0,0,0,0,1048656,0,0,0,0,0,0,0,0,0]}
05/27/2019 08:46:47 pm - {log:[1245267,0,0,0,0,0,0,0,0,0,1048656,0,0,0,0,0,0,0,0,0,1048656,0,0,0,0,0,0,0,0,0,983119,0,0,0,0,0,0,0,0,0,1048656,0,0,0,0,0,0,0,0,0,1048656,0,0,0,0,0,0,0,0,0,1048656,0,0,0,0,0,0,0,0,0,1048656,0,0,0,0,0,0,0,0,0]}
05/27/2019 08:48:56 pm - {log:[1572952,0,0,0,0,0,0,0,0,0,1048656,0,0,0,0,0,0,0,0,0,1048656,0,0,0,0,0,0,0,0,0,1048656,0,0,0,0,0,0,0,0,0,1048656,0,0,0,0,0,0,0,0,0,1048656,0,0,0,0,0,0,0,0,0,983119,0,0,0,0,0,0,0,0,0,1048656,0,0,0,0,0,0,0,0,0]}
05/27/2019 08:51:04 pm - {log:[1310804,0,0,0,0,0,0,0,0,0,983119,0,0,0,0,0,0,0,0,0,1048656,0,0,0,0,0,0,0,0,0,1048656,0,0,0,0,0,0,0,0,0,1048656,0,0,0,0,0,0,0,0,0,1048656,0,0,0,0,0,0,0,0,0,1048656,0,0,0,0,0,0,0,0,0,1048656,0,0,0,0,0,0,0,0,0]}
05/27/2019 08:53:13 pm - {log:[1245267,0,0,0,0,0,0,0,0,0,1048656,0,0,0,0,0,0,0,0,0,1048656,0,0,0,0,0,0,0,0,0,983119,0,0,0,0,0,0,0,0,0,1048656,0,0,0,0,0,0,0,0,0,1048656,0,0,0,0,0,0,0,0,0,1048656,0,0,0,0,0,0,0,0,0,1048656,0,0,0,0,0,0,0,0,0]}
05/27/2019 08:55:22 pm - {log:[1310804,0,0,0,0,0,0,0,0,0,983119,0,0,0,0,0,0,0,0,0,1048656,0,0,0,0,0,0,0,0,0,1048656,0,0,0,0,0,0,0,0,0,1048656,0,0,0,0,0,0,0,0,0,1048656,0,0,0,0,0,0,0,0,0,1048656,0,0,0,0,0,0,0,0,0,1048656,0,0,0,0,0,0,0,0,0]}
05/27/2019 08:57:34 pm - {log:[1245267,0,0,0,0,0,0,0,0,0,1048656,0,0,0,0,0,0,0,0,0,1048656,0,0,0,0,0,0,0,0,0,983119,0,0,0,0,0,0,0,0,0,1048656,0,0,0,0,0,0,0,0,0,1048656,0,0,0,0,0,0,0,0,0,1048656,0,0,0,0,0,0,0,0,0,1048656,0,0,0,0,0,0,0,0,0]}
05/27/2019 08:59:43 pm - {log:[1507415,0,0,0,0,0,0,0,0,0,1048656,0,0,0,0,0,0,0,0,0,1048656,0,0,0,0,0,0,0,0,0,1048656,0,0,0,0,0,0,0,0,0,983119,0,0,0,0,0,0,0,0,0,1048656,0,0,0,0,0,0,0,0,0,1048656,0,0,0,0,0,0,0,0,0,1048656,0,0,0,0,0,0,0,0,0]}
05/27/2019 09:01:51 pm - {log:[1245267,0,0,0,0,0,0,0,0,0,1048656,0,0,0,0,0,0,0,0,0,1048656,0,0,0,0,0,0,0,0,0,1048656,0,0,0,0,0,0,0,0,0,1048656,0,0,0,0,0,0,0,0,0,1048656,0,0,0,0,0,0,0,0,0,1048656,0,0,0,0,0,0,0,0,0,1048656,0,0,0,0,0,0,0,0,0]}
05/27/2019 09:04:00 pm - {log:[1245267,0,0,0,0,0,0,0,0,0,1048656,0,0,0,0,0,0,0,0,0,983119,0,0,0,0,0,0,0,0,0,1048656,0,0,0,0,0,0,0,0,0,1048656,0,0,0,0,0,0,0,0,0,1048656,0,0,0,0,0,0,0,0,0,1048656,0,0,0,0,0,0,0,0,0,1048656,0,0,0,0,0,0,0,0,0]}
05/27/2019 09:06:08 pm - {log:[1245267,0,0,0,0,0,0,0,0,0,1048656,0,0,0,0,0,0,0,0,0,1048656,0,0,0,0,0,0,0,0,0,1048656,0,0,0,0,0,0,0,0,0,1048656,0,0,0,0,0,0,0,0,0,983119,0,0,0,0,0,0,0,0,0,1048656,0,0,0,0,0,0,0,0,0,1048656,0,0,0,0,0,0,0,0,0]}
05/27/2019 09:08:21 pm - {log:[1245267,0,0,0,0,0,0,0,0,0,1048656,0,0,0,0,0,0,0,0,0,1048656,0,0,0,0,0,0,0,0,0,1048656,0,0,0,0,0,0,0,0,0,1048656,0,0,0,0,0,0,0,0,0,1048656,0,0,0,0,0,0,0,0,0,1048656,0,0,0,0,0,0,0,0,0,1048656,0,0,0,0,0,0,0,0,0]}
05/27/2019 09:10:29 pm - {log:[1507415,0,0,0,0,0,0,0,0,0,1048656,0,0,0,0,0,0,0,0,0,983119,0,0,0,0,0,0,0,0,0,1048656,0,0,0,0,0,0,0,0,0,1048656,0,0,0,0,0,0,0,0,0,1048656,0,0,0,0,0,0,0,0,0,1048656,0,0,0,0,0,0,0,0,0,1048656,0,0,0,0,0,0,0,0,0]}
05/27/2019 09:12:38 pm - {log:[1245267,0,0,0,0,0,0,0,0,0,1048656,0,0,0,0,0,0,0,0,0,1048656,0,0,0,0,0,0,0,0,0,1048656,0,0,0,0,0,0,0,0,0,983119,0,0,0,0,0,0,0,0,0,1048656,0,0,0,0,0,0,0,0,0,1048656,0,0,0,0,0,0,0,0,0,1048656,0,0,0,0,0,0,0,0,0]}
05/27/2019 09:14:47 pm - {log:[1245267,0,0,0,0,0,0,0,0,0,1048656,0,0,0,0,0,0,0,0,0,1048656,0,0,0,0,0,0,0,0,0,1048656,0,0,0,0,0,0,0,0,0,1048656,0,0,0,0,0,0,0,0,0,1048656,0,0,0,0,0,0,0,0,0,1048656,0,0,0,0,0,0,0,0,0,1048656,0,0,0,0,0,0,0,0,0]}
05/27/2019 09:16:55 pm - {log:[1245267,0,0,0,0,0,0,0,0,0,1048656,0,0,0,0,0,0,0,0,0,1048656,0,0,0,0,0,0,0,0,0,983119,0,0,0,0,0,0,0,0,0,1048656,0,0,0,0,0,0,0,0,0,1048656,0,0,0,0,0,0,0,0,0,1048656,0,0,0,0,0,0,0,0,0,1048656,0,0,0,0,0,0,0,0,0]}
05/27/2019 09:19:04 pm - {log:[1245267,0,0,0,0,0,0,0,0,0,1048656,0,0,0,0,0,0,0,0,0,1048656,0,0,0,0,0,0,0,0,0,1048656,0,0,0,0,0,0,0,0,0,1048656,0,0,0,0,0,0,0,0,0,1048656,0,0,0,0,0,0,0,0,0,983119,0,0,0,0,0,0,0,0,0,1048656,0,0,0,0,0,0,0,0,0]}
05/27/2019 09:21:16 pm - {log:[1310804,0,0,0,0,0,0,0,0,0,1048656,0,0,0,0,0,0,0,0,0,983119,0,0,0,0,0,0,0,0,0,1048656,0,0,0,0,0,0,0,0,0,1048656,0,0,0,0,0,0,0,0,0,1048656,0,0,0,0,0,0,0,0,0,1048656,0,0,0,0,0,0,0,0,0,1048656,0,0,0,0,0,0,0,0,0]}
05/27/2019 09:23:25 pm - {log:[1507415,0,0,0,0,0,0,0,0,0,1048656,0,0,0,0,0,0,0,0,0,1048656,0,0,0,0,0,0,0,0,0,1048656,0,0,0,0,0,0,0,0,0,983119,0,0,0,0,0,0,0,0,0,1048656,0,0,0,0,0,0,0,0,0,1048656,0,0,0,0,0,0,0,0,0,1048656,0,0,0,0,0,0,0,0,0]}
05/27/2019 09:25:34 pm - {log:[1245267,0,0,0,0,0,0,0,0,0,1048656,0,0,0,0,0,0,0,0,0,1048656,0,0,0,0,0,0,0,0,0,1048656,0,0,0,0,0,0,0,0,0,1048656,0,0,0,0,0,0,0,0,0,1048656,0,0,0,0,0,0,0,0,0,1048656,0,0,0,0,0,0,0,0,0,1048656,0,0,0,0,0,0,0,0,0]}
05/27/2019 09:27:42 pm - {log:[1245267,0,0,0,0,0,0,0,0,0,1048656,0,0,0,0,0,0,0,0,0,1048656,0,0,0,0,0,0,0,0,0,1048656,0,0,0,0,0,0,0,0,0,983119,0,0,0,0,0,0,0,0,0,1048656,0,0,0,0,0,0,0,0,0,1048656,0,0,0,0,0,0,0,0,0,1048656,0,0,0,0,0,0,0,0,0]}
05/27/2019 09:29:51 pm - {log:[1245267,0,0,0,0,0,0,0,0,0,1048656,0,0,0,0,0,0,0,0,0,1048656,0,0,0,0,0,0,0,0,0,1048656,0,0,0,0,0,0,0,0,0,1048656,0,0,0,0,0,0,0,0,0,1048656,0,0,0,0,0,0,0,0,0,1048656,0,0,0,0,0,0,0,0,0,1048656,0,0,0,0,0,0,0,0,0]}
05/27/2019 09:31:59 pm - {log:[1245267,0,0,0,0,0,0,0,0,0,1048656,0,0,0,0,0,0,0,0,0,1048656,0,0,0,0,0,0,0,0,0,983119,0,0,0,0,0,0,0,0,0,1048656,0,0,0,0,0,0,0,0,0,1048656,0,0,0,0,0,0,0,0,0,1048656,0,0,0,0,0,0,0,0,0,1048656,0,0,0,0,0,0,0,0,0]}
05/27/2019 09:34:08 pm - {log:[1245267,0,0,0,0,0,0,0,0,0,1048656,0,0,0,0,0,0,0,0,0,1048656,0,0,0,0,0,0,0,0,0,1048656,0,0,0,0,0,0,0,0,0,1048656,0,0,0,0,0,0,0,0,0,1048656,0,0,0,0,0,0,0,0,0,983119,0,0,0,0,0,0,0,0,0,1048656,0,0,0,0,0,0,0,0,0]}
05/27/2019 09:36:17 pm - {log:[1310804,0,0,0,0,0,0,0,0,0,1048656,0,0,0,0,0,0,0,0,0,983119,0,0,0,0,0,0,0,0,0,1048656,0,0,0,0,0,0,0,0,0,1048656,0,0,0,0,0,0,0,0,0,1048656,0,0,0,0,0,0,0,0,0,1048656,0,0,0,0,0,0,0,0,0,1048656,0,0,0,0,0,0,0,0,0]}
05/27/2019 09:38:25 pm - {log:[1245267,0,0,0,0,0,0,0,0,0,1048656,0,0,0,0,0,0,0,0,0,1048656,0,0,0,0,0,0,0,0,0,1048656,0,0,0,0,0,0,0,0,0,1048656,0,0,0,0,0,0,0,0,0,1048656,0,0,0,0,0,0,0,0,0,1048656,0,0,0,0,0,0,0,0,0,1048656,0,0,0,0,0,0,0,0,0]}
05/29/2019 02:30:27 pm - {log:[1245267,0,0,0,0,0,0,0,0,0,1048656,0,0,0,0,0,0,0,0,0,11272428,0,0,0,0,0,0,0,0,0,707839070,0,0,0,0,0,0,0,0,0,1048656,0,0,0,0,0,0,0,0,0,1048656,0,0,0,0,0,0,0,0,0,1048656,0,0,0,0,0,0,0,0,0,1048656,0,0,0,0,0,0,0,0,0]}
05/29/2019 02:32:36 pm - {log:[1245267,0,0,0,0,0,0,0,0,0,1048656,0,0,0,0,0,0,0,0,0,983119,0,0,0,0,0,0,0,0,0,1048656,0,0,0,0,0,0,0,0,0,1048656,0,0,0,0,0,0,0,0,0,1048656,0,0,0,0,0,0,0,0,0,1048656,0,0,0,0,0,0,0,0,0,1048656,0,0,0,0,0,0,0,0,0]}
05/29/2019 02:34:48 pm - {log:[1245267,0,0,0,0,0,0,0,0,0,1048656,0,0,0,0,0,0,0,0,0,1048656,0,0,0,0,0,0,0,0,0,1048656,0,0,0,0,0,0,0,0,0,983119,0,0,0,0,0,0,0,0,0,1048656,0,0,0,0,0,0,0,0,0,1048656,0,0,0,0,0,0,0,0,0,1048656,0,0,0,0,0,0,0,0,0]}
05/29/2019 02:36:57 pm - {log:[1507415,0,0,0,0,0,0,0,0,0,1048656,0,0,0,0,0,0,0,0,0,1048656,0,0,0,0,0,0,0,0,0,1048656,0,0,0,0,0,0,0,0,0,1048656,0,0,0,0,0,0,0,0,0,983119,0,0,0,0,0,0,0,0,0,1048656,0,0,0,0,0,0,0,0,0,1048656,0,0,0,0,0,0,0,0,0]}
05/29/2019 02:39:05 pm - {log:[1245267,0,0,0,0,0,0,0,0,0,1048656,0,0,0,0,0,0,0,0,0,1048656,0,0,0,0,0,0,0,0,0,1048656,0,0,0,0,0,0,0,0,0,1048656,0,0,0,0,0,0,0,0,0,1048656,0,0,0,0,0,0,0,0,0,1048656,0,0,0,0,0,0,0,0,0,1048656,0,0,0,0,0,0,0,0,0]}
05/29/2019 02:44:53 pm - {log:[1245267,0,0,0,0,0,0,0,0,0,1048656,0,0,0,0,0,0,0,0,0,1048656,0,0,0,0,0,0,0,0,0,983119,0,0,0,0,0,0,0,0,0,1048656,0,0,0,0,0,0,0,0,0,1048656,0,0,0,0,0,0,0,0,0,1048656,0,0,0,0,0,0,0,0,0,1000,2000,3000,4000,5000,6000,7000,8000,9000,10000]}
05/29/2019 02:47:05 pm - {log:[1000,2000,3000,4000,5000,6000,7000,8000,9000,10000,1000,2000,3000,4000,5000,6000,7000,8000,9000,10000,1000,2000,3000,4000,5000,6000,7000,8000,9000,10000,1000,2000,3000,4000,5000,6000,7000,8000,9000,10000,1000,2000,3000,4000,5000,6000,7000,8000,9000,10000,1000,2000,3000,4000,5000,6000,7000,8000,9000,10000,1000,2000,3000,4000,5000,6000,7000,8000,9000,10000,1000,2000,3000,4000,5000,6000,7000,8000,9000,10000]}
05/29/2019 02:49:14 pm - {log:[1000,2000,3000,4000,5000,6000,7000,8000,9000,10000,1000,2000,3000,4000,5000,6000,7000,8000,9000,10000,1000,2000,3000,4000,5000,6000,7000,8000,9000,10000,1000,2000,3000,4000,5000,6000,7000,8000,9000,10000,1000,2000,3000,4000,5000,6000,7000,8000,9000,10000,1000,2000,3000,4000,5000,6000,7000,8000,9000,10000,1000,2000,3000,4000,5000,6000,7000,8000,9000,10000,1000,2000,3000,4000,5000,6000,7000,8000,9000,10000]}
05/29/2019 02:51:26 pm - {log:[1000,2000,3000,4000,5000,6000,7000,8000,9000,10000,1000,2000,3000,4000,5000,6000,7000,8000,9000,10000,1000,2000,3000,4000,5000,6000,7000,8000,9000,10000,1000,2000,3000,4000,5000,6000,7000,8000,9000,10000,1000,2000,3000,4000,5000,6000,7000,8000,9000,10000,1000,2000,3000,4000,5000,6000,7000,8000,9000,10000,1000,2000,3000,4000,5000,6000,7000,8000,9000,10000,1000,2000,3000,4000,5000,6000,7000,8000,9000,10000]}
05/29/2019 02:53:34 pm - {log:[1000,2000,3000,4000,5000,6000,7000,8000,9000,10000,1000,2000,3000,4000,5000,6000,7000,8000,9000,10000,1000,2000,3000,4000,5000,6000,7000,8000,9000,10000,1000,2000,3000,4000,5000,6000,7000,8000,9000,10000,1000,2000,3000,4000,5000,6000,7000,8000,9000,10000,1000,2000,3000,4000,5000,6000,7000,8000,9000,10000,1000,2000,3000,4000,5000,6000,7000,8000,9000,10000,1000,2000,3000,4000,5000,6000,7000,8000,9000,10000]}
05/29/2019 02:55:43 pm - {log:[1000,2000,3000,4000,5000,6000,7000,8000,9000,10000,1000,2000,3000,4000,5000,6000,7000,8000,9000,10000,1000,2000,3000,4000,5000,6000,7000,8000,9000,10000,1000,2000,3000,4000,5000,6000,7000,8000,9000,10000,1000,2000,3000,4000,5000,6000,7000,8000,9000,10000,1000,2000,3000,4000,5000,6000,7000,8000,9000,10000,1000,2000,3000,4000,5000,6000,7000,8000,9000,10000,1000,2000,3000,4000,5000,6000,7000,8000,9000,10000]}
05/29/2019 02:57:51 pm - {log:[1000,2000,3000,4000,5000,6000,7000,8000,9000,10000,1000,2000,3000,4000,5000,6000,7000,8000,9000,10000,1000,2000,3000,4000,5000,6000,7000,8000,9000,10000,1000,2000,3000,4000,5000,6000,7000,8000,9000,10000,1000,2000,3000,4000,5000,6000,7000,8000,9000,10000,1000,2000,3000,4000,5000,6000,7000,8000,9000,10000,1000,2000,3000,4000,5000,6000,7000,8000,9000,10000,1000,2000,3000,4000,5000,6000,7000,8000,9000,10000]}
05/29/2019 03:00:00 pm - {log:[1000,2000,3000,4000,5000,6000,7000,8000,9000,10000,1000,2000,3000,4000,5000,6000,7000,8000,9000,10000,1000,2000,3000,4000,5000,6000,7000,8000,9000,10000,1000,2000,3000,4000,5000,6000,7000,8000,9000,10000,1000,2000,3000,4000,5000,6000,7000,8000,9000,10000,1000,2000,3000,4000,5000,6000,7000,8000,9000,10000,1000,2000,3000,4000,5000,6000,7000,8000,9000,10000,1000,2000,3000,4000,5000,6000,7000,8000,9000,10000]}
05/29/2019 03:02:08 pm - {log:[1000,2000,3000,4000,5000,6000,7000,8000,9000,10000,1000,2000,3000,4000,5000,6000,7000,8000,9000,10000,1000,2000,3000,4000,5000,6000,7000,8000,9000,10000,1000,2000,3000,4000,5000,6000,7000,8000,9000,10000,1000,2000,3000,4000,5000,6000,7000,8000,9000,10000,1000,2000,3000,4000,5000,6000,7000,8000,9000,10000,1000,2000,3000,4000,5000,6000,7000,8000,9000,10000,1000,2000,3000,4000,5000,6000,7000,8000,9000,10000]}
05/29/2019 03:04:16 pm - {log:[1000,2000,3000,4000,5000,6000,7000,8000,9000,10000,1000,2000,3000,4000,5000,6000,7000,8000,9000,10000,1000,2000,3000,4000,5000,6000,7000,8000,9000,10000,1000,2000,3000,4000,5000,6000,7000,8000,9000,10000,1000,2000,3000,4000,5000,6000,7000,8000,9000,10000,1000,2000,3000,4000,5000,6000,7000,8000,9000,10000,1000,2000,3000,4000,5000,6000,7000,8000,9000,10000,1000,2000,3000,4000,5000,6000,7000,8000,9000,10000]}
05/29/2019 03:06:29 pm - {log:[1000,2000,3000,4000,5000,6000,7000,8000,9000,10000,1000,2000,3000,4000,5000,6000,7000,8000,9000,10000,1000,2000,3000,4000,5000,6000,7000,8000,9000,10000,1000,2000,3000,4000,5000,6000,7000,8000,9000,10000,1000,2000,3000,4000,5000,6000,7000,8000,9000,10000,1000,2000,3000,4000,5000,6000,7000,8000,9000,10000,1000,2000,3000,4000,5000,6000,7000,8000,9000,10000,1000,2000,3000,4000,5000,6000,7000,8000,9000,10000]}
05/29/2019 03:08:37 pm - {log:[1000,2000,3000,4000,5000,6000,7000,8000,9000,10000,1000,2000,3000,4000,5000,6000,7000,8000,9000,10000,1000,2000,3000,4000,5000,6000,7000,8000,9000,10000,1000,2000,3000,4000,5000,6000,7000,8000,9000,10000,1000,2000,3000,4000,5000,6000,7000,8000,9000,10000,1000,2000,3000,4000,5000,6000,7000,8000,9000,10000,1000,2000,3000,4000,5000,6000,7000,8000,9000,10000,1000,2000,3000,4000,5000,6000,7000,8000,9000,10000]}
05/29/2019 03:10:45 pm - {log:[1000,2000,3000,4000,5000,6000,7000,8000,9000,10000,1000,2000,3000,4000,5000,6000,7000,8000,9000,10000,1000,2000,3000,4000,5000,6000,7000,8000,9000,10000,1000,2000,3000,4000,5000,6000,7000,8000,9000,10000,1000,2000,3000,4000,5000,6000,7000,8000,9000,10000,1000,2000,3000,4000,5000,6000,7000,8000,9000,10000,1000,2000,3000,4000,5000,6000,7000,8000,9000,10000,1000,2000,3000,4000,5000,6000,7000,8000,9000,10000]}
05/29/2019 03:12:54 pm - {log:[1000,2000,3000,4000,5000,6000,7000,8000,9000,10000,1000,2000,3000,4000,5000,6000,7000,8000,9000,10000,1000,2000,3000,4000,5000,6000,7000,8000,9000,10000,1000,2000,3000,4000,5000,6000,7000,8000,9000,10000,1000,2000,3000,4000,5000,6000,7000,8000,9000,10000,1000,2000,3000,4000,5000,6000,7000,8000,9000,10000,1000,2000,3000,4000,5000,6000,7000,8000,9000,10000,1000,2000,3000,4000,5000,6000,7000,8000,9000,10000]}
05/29/2019 03:15:02 pm - {log:[1000,2000,3000,4000,5000,6000,7000,8000,9000,10000,1000,2000,3000,4000,5000,6000,7000,8000,9000,10000,1000,2000,3000,4000,5000,6000,7000,8000,9000,10000,1000,2000,3000,4000,5000,6000,7000,8000,9000,10000,1000,2000,3000,4000,5000,6000,7000,8000,9000,10000,1000,2000,3000,4000,5000,6000,7000,8000,9000,10000,1000,2000,3000,4000,5000,6000,7000,8000,9000,10000,1000,2000,3000,4000,5000,6000,7000,8000,9000,10000]}
05/29/2019 03:17:11 pm - {log:[1000,2000,3000,4000,5000,6000,7000,8000,9000,10000,1000,2000,3000,4000,5000,6000,7000,8000,9000,10000,1000,2000,3000,4000,5000,6000,7000,8000,9000,10000,1000,2000,3000,4000,5000,6000,7000,8000,9000,10000,1000,2000,3000,4000,5000,6000,7000,8000,9000,10000,1000,2000,3000,4000,5000,6000,7000,8000,9000,10000,1000,2000,3000,4000,5000,6000,7000,8000,9000,10000,1000,2000,3000,4000,5000,6000,7000,8000,9000,10000]}
05/29/2019 03:19:19 pm - {log:[1000,2000,3000,4000,5000,6000,7000,8000,9000,10000,1000,2000,3000,4000,5000,6000,7000,8000,9000,10000,1000,2000,3000,4000,5000,6000,7000,8000,9000,10000,1000,2000,3000,4000,5000,6000,7000,8000,9000,10000,1000,2000,3000,4000,5000,6000,7000,8000,9000,10000,1000,2000,3000,4000,5000,6000,7000,8000,9000,10000,1000,2000,3000,4000,5000,6000,7000,8000,9000,10000,1000,2000,3000,4000,5000,6000,7000,8000,9000,10000]}
05/29/2019 03:21:28 pm - {log:[1000,2000,3000,4000,5000,6000,7000,8000,9000,10000,1000,2000,3000,4000,5000,6000,7000,8000,9000,10000,1000,2000,3000,4000,5000,6000,7000,8000,9000,10000,1000,2000,3000,4000,5000,6000,7000,8000,9000,10000,1000,2000,3000,4000,5000,6000,7000,8000,9000,10000,1000,2000,3000,4000,5000,6000,7000,8000,9000,10000,1000,2000,3000,4000,5000,6000,7000,8000,9000,10000,1000,2000,3000,4000,5000,6000,7000,8000,9000,10000]}
05/29/2019 03:23:36 pm - {log:[1000,2000,3000,4000,5000,6000,7000,8000,9000,10000,1000,2000,3000,4000,5000,6000,7000,8000,9000,10000,1000,2000,3000,4000,5000,6000,7000,8000,9000,10000,1000,2000,3000,4000,5000,6000,7000,8000,9000,10000,1000,2000,3000,4000,5000,6000,7000,8000,9000,10000,1000,2000,3000,4000,5000,6000,7000,8000,9000,10000,1000,2000,3000,4000,5000,6000,7000,8000,9000,10000,1000,2000,3000,4000,5000,6000,7000,8000,9000,10000]}
05/29/2019 03:25:44 pm - {log:[1000,2000,3000,4000,5000,6000,7000,8000,9000,10000,1000,2000,3000,4000,5000,6000,7000,8000,9000,10000,1000,2000,3000,4000,5000,6000,7000,8000,9000,10000,1000,2000,3000,4000,5000,6000,7000,8000,9000,10000,1000,2000,3000,4000,5000,6000,7000,8000,9000,10000,1000,2000,3000,4000,5000,6000,7000,8000,9000,10000,1000,2000,3000,4000,5000,6000,7000,8000,9000,10000,1000,2000,3000,4000,5000,6000,7000,8000,9000,10000]}
05/29/2019 03:27:53 pm - {log:[1000,2000,3000,4000,5000,6000,7000,8000,9000,10000,1000,2000,3000,4000,5000,6000,7000,8000,9000,10000,1000,2000,3000,4000,5000,6000,7000,8000,9000,10000,1000,2000,3000,4000,5000,6000,7000,8000,9000,10000,1000,2000,3000,4000,5000,6000,7000,8000,9000,10000,1000,2000,3000,4000,5000,6000,7000,8000,9000,10000,1000,2000,3000,4000,5000,6000,7000,8000,9000,10000,1000,2000,3000,4000,5000,6000,7000,8000,9000,10000]}
05/29/2019 03:30:01 pm - {log:[1000,2000,3000,4000,5000,6000,7000,8000,9000,10000,1000,2000,3000,4000,5000,6000,7000,8000,9000,10000,1000,2000,3000,4000,5000,6000,7000,8000,9000,10000,1000,2000,3000,4000,5000,6000,7000,8000,9000,10000,1000,2000,3000,4000,5000,6000,7000,8000,9000,10000,1000,2000,3000,4000,5000,6000,7000,8000,9000,10000,1000,2000,3000,4000,5000,6000,7000,8000,9000,10000,1000,2000,3000,4000,5000,6000,7000,8000,9000,10000]}
05/29/2019 03:32:10 pm - {log:[1000,2000,3000,4000,5000,6000,7000,8000,9000,10000,1000,2000,3000,4000,5000,6000,7000,8000,9000,10000,1000,2000,3000,4000,5000,6000,7000,8000,9000,10000,1000,2000,3000,4000,5000,6000,7000,8000,9000,10000,1000,2000,3000,4000,5000,6000,7000,8000,9000,10000,1000,2000,3000,4000,5000,6000,7000,8000,9000,10000,1000,2000,3000,4000,5000,6000,7000,8000,9000,10000,1000,2000,3000,4000,5000,6000,7000,8000,9000,10000]}
05/29/2019 03:34:18 pm - {log:[1000,2000,3000,4000,5000,6000,7000,8000,9000,10000,1000,2000,3000,4000,5000,6000,7000,8000,9000,10000,1000,2000,3000,4000,5000,6000,7000,8000,9000,10000,1000,2000,3000,4000,5000,6000,7000,8000,9000,10000,1000,2000,3000,4000,5000,6000,7000,8000,9000,10000,1000,2000,3000,4000,5000,6000,7000,8000,9000,10000,1000,2000,3000,4000,5000,6000,7000,8000,9000,10000,1000,2000,3000,4000,5000,6000,7000,8000,9000,10000]}
05/29/2019 03:36:27 pm - {log:[1000,2000,3000,4000,5000,6000,7000,8000,9000,10000,1000,2000,3000,4000,5000,6000,7000,8000,9000,10000,1000,2000,3000,4000,5000,6000,7000,8000,9000,10000,1000,2000,3000,4000,5000,6000,7000,8000,9000,10000,1000,2000,3000,4000,5000,6000,7000,8000,9000,10000,1000,2000,3000,4000,5000,6000,7000,8000,9000,10000,1000,2000,3000,4000,5000,6000,7000,8000,9000,10000,1000,2000,3000,4000,5000,6000,7000,8000,9000,10000]}
05/29/2019 03:38:35 pm - {log:[1000,2000,3000,4000,5000,6000,7000,8000,9000,10000,1000,2000,3000,4000,5000,6000,7000,8000,9000,10000,1000,2000,3000,4000,5000,6000,7000,8000,9000,10000,1000,2000,3000,4000,5000,6000,7000,8000,9000,10000,1000,2000,3000,4000,5000,6000,7000,8000,9000,10000,1000,2000,3000,4000,5000,6000,7000,8000,9000,10000,1000,2000,3000,4000,5000,6000,7000,8000,9000,10000,1000,2000,3000,4000,5000,6000,7000,8000,9000,10000]}
05/29/2019 03:40:44 pm - {log:[1000,2000,3000,4000,5000,6000,7000,8000,9000,10000,1000,2000,3000,4000,5000,6000,7000,8000,9000,10000,1000,2000,3000,4000,5000,6000,7000,8000,9000,10000,1000,2000,3000,4000,5000,6000,7000,8000,9000,10000,1000,2000,3000,4000,5000,6000,7000,8000,9000,10000,1000,2000,3000,4000,5000,6000,7000,8000,9000,10000,1000,2000,3000,4000,5000,6000,7000,8000,9000,10000,1000,2000,3000,4000,5000,6000,7000,8000,9000,10000]}
05/29/2019 03:42:52 pm - {log:[1000,2000,3000,4000,5000,6000,7000,8000,9000,10000,1000,2000,3000,4000,5000,6000,7000,8000,9000,10000,1000,2000,3000,4000,5000,6000,7000,8000,9000,10000,1000,2000,3000,4000,5000,6000,7000,8000,9000,10000,1000,2000,3000,4000,5000,6000,7000,8000,9000,10000,1000,2000,3000,4000,5000,6000,7000,8000,9000,10000,1000,2000,3000,4000,5000,6000,7000,8000,9000,10000,1000,2000,3000,4000,5000,6000,7000,8000,9000,10000]}
05/29/2019 03:45:00 pm - {log:[1000,2000,3000,4000,5000,6000,7000,8000,9000,10000,1000,2000,3000,4000,5000,6000,7000,8000,9000,10000,1000,2000,3000,4000,5000,6000,7000,8000,9000,10000,1000,2000,3000,4000,5000,6000,7000,8000,9000,10000,1000,2000,3000,4000,5000,6000,7000,8000,9000,10000,1000,2000,3000,4000,5000,6000,7000,8000,9000,10000,1000,2000,3000,4000,5000,6000,7000,8000,9000,10000,1000,2000,3000,4000,5000,6000,7000,8000,9000,10000]}
05/29/2019 03:47:09 pm - {log:[1000,2000,3000,4000,5000,6000,7000,8000,9000,10000,1000,2000,3000,4000,5000,6000,7000,8000,9000,10000,1000,2000,3000,4000,5000,6000,7000,8000,9000,10000,1000,2000,3000,4000,5000,6000,7000,8000,9000,10000,1000,2000,3000,4000,5000,6000,7000,8000,9000,10000,1000,2000,3000,4000,5000,6000,7000,8000,9000,10000,1000,2000,3000,4000,5000,6000,7000,8000,9000,10000,1000,2000,3000,4000,5000,6000,7000,8000,9000,10000]}
05/29/2019 03:49:17 pm - {log:[1000,2000,3000,4000,5000,6000,7000,8000,9000,10000,1000,2000,3000,4000,5000,6000,7000,8000,9000,10000,1000,2000,3000,4000,5000,6000,7000,8000,9000,10000,1000,2000,3000,4000,5000,6000,7000,8000,9000,10000,1000,2000,3000,4000,5000,6000,7000,8000,9000,10000,1000,2000,3000,4000,5000,6000,7000,8000,9000,10000,1000,2000,3000,4000,5000,6000,7000,8000,9000,10000,1000,2000,3000,4000,5000,6000,7000,8000,9000,10000]}
05/29/2019 03:51:26 pm - {log:[1000,2000,3000,4000,5000,6000,7000,8000,9000,10000,1000,2000,3000,4000,5000,6000,7000,8000,9000,10000,1000,2000,3000,4000,5000,6000,7000,8000,9000,10000,1000,2000,3000,4000,5000,6000,7000,8000,9000,10000,1000,2000,3000,4000,5000,6000,7000,8000,9000,10000,1000,2000,3000,4000,5000,6000,7000,8000,9000,10000,1000,2000,3000,4000,5000,6000,7000,8000,9000,10000,1000,2000,3000,4000,5000,6000,7000,8000,9000,10000]}
05/29/2019 03:53:34 pm - {log:[1000,2000,3000,4000,5000,6000,7000,8000,9000,10000,1000,2000,3000,4000,5000,6000,7000,8000,9000,10000,1000,2000,3000,4000,5000,6000,7000,8000,9000,10000,1000,2000,3000,4000,5000,6000,7000,8000,9000,10000,1000,2000,3000,4000,5000,6000,7000,8000,9000,10000,1000,2000,3000,4000,5000,6000,7000,8000,9000,10000,1000,2000,3000,4000,5000,6000,7000,8000,9000,10000,1000,2000,3000,4000,5000,6000,7000,8000,9000,10000]}
05/29/2019 03:55:42 pm - {log:[1000,2000,3000,4000,5000,6000,7000,8000,9000,10000,1000,2000,3000,4000,5000,6000,7000,8000,9000,10000,1000,2000,3000,4000,5000,6000,7000,8000,9000,10000,1000,2000,3000,4000,5000,6000,7000,8000,9000,10000,1000,2000,3000,4000,5000,6000,7000,8000,9000,10000,1000,2000,3000,4000,5000,6000,7000,8000,9000,10000,1000,2000,3000,4000,5000,6000,7000,8000,9000,10000,1000,2000,3000,4000,5000,6000,7000,8000,9000,10000]}
05/29/2019 03:57:51 pm - {log:[1000,2000,3000,4000,5000,6000,7000,8000,9000,10000,1000,2000,3000,4000,5000,6000,7000,8000,9000,10000,1000,2000,3000,4000,5000,6000,7000,8000,9000,10000,1000,2000,3000,4000,5000,6000,7000,8000,9000,10000,1000,2000,3000,4000,5000,6000,7000,8000,9000,10000,1000,2000,3000,4000,5000,6000,7000,8000,9000,10000,1000,2000,3000,4000,5000,6000,7000,8000,9000,10000,1000,2000,3000,4000,5000,6000,7000,8000,9000,10000]}
05/29/2019 03:59:59 pm - {log:[1000,2000,3000,4000,5000,6000,7000,8000,9000,10000,1000,2000,3000,4000,5000,6000,7000,8000,9000,10000,1000,2000,3000,4000,5000,6000,7000,8000,9000,10000,1000,2000,3000,4000,5000,6000,7000,8000,9000,10000,1000,2000,3000,4000,5000,6000,7000,8000,9000,10000,1000,2000,3000,4000,5000,6000,7000,8000,9000,10000,1000,2000,3000,4000,5000,6000,7000,8000,9000,10000,1000,2000,3000,4000,5000,6000,7000,8000,9000,10000]}
05/29/2019 04:02:08 pm - {log:[1000,2000,3000,4000,5000,6000,7000,8000,9000,10000,1000,2000,3000,4000,5000,6000,7000,8000,9000,10000,1000,2000,3000,4000,5000,6000,7000,8000,9000,10000,1000,2000,3000,4000,5000,6000,7000,8000,9000,10000,1000,2000,3000,4000,5000,6000,7000,8000,9000,10000,1000,2000,3000,4000,5000,6000,7000,8000,9000,10000,1000,2000,3000,4000,5000,6000,7000,8000,9000,10000,1000,2000,3000,4000,5000,6000,7000,8000,9000,10000]}
05/29/2019 04:04:16 pm - {log:[1000,2000,3000,4000,5000,6000,7000,8000,9000,10000,1000,2000,3000,4000,5000,6000,7000,8000,9000,10000,1000,2000,3000,4000,5000,6000,7000,8000,9000,10000,1000,2000,3000,4000,5000,6000,7000,8000,9000,10000,1000,2000,3000,4000,5000,6000,7000,8000,9000,10000,1000,2000,3000,4000,5000,6000,7000,8000,9000,10000,1000,2000,3000,4000,5000,6000,7000,8000,9000,10000,1000,2000,3000,4000,5000,6000,7000,8000,9000,10000]}
05/29/2019 04:06:25 pm - {log:[1000,2000,3000,4000,5000,6000,7000,8000,9000,10000,1000,2000,3000,4000,5000,6000,7000,8000,9000,10000,1000,2000,3000,4000,5000,6000,7000,8000,9000,10000,1000,2000,3000,4000,5000,6000,7000,8000,9000,10000,1000,2000,3000,4000,5000,6000,7000,8000,9000,10000,1000,2000,3000,4000,5000,6000,7000,8000,9000,10000,1000,2000,3000,4000,5000,6000,7000,8000,9000,10000,1000,2000,3000,4000,5000,6000,7000,8000,9000,10000]}
05/29/2019 04:08:33 pm - {log:[1000,2000,3000,4000,5000,6000,7000,8000,9000,10000,1000,2000,3000,4000,5000,6000,7000,8000,9000,10000,1000,2000,3000,4000,5000,6000,7000,8000,9000,10000,1000,2000,3000,4000,5000,6000,7000,8000,9000,10000,1000,2000,3000,4000,5000,6000,7000,8000,9000,10000,1000,2000,3000,4000,5000,6000,7000,8000,9000,10000,1000,2000,3000,4000,5000,6000,7000,8000,9000,10000,1000,2000,3000,4000,5000,6000,7000,8000,9000,10000]}
05/29/2019 04:10:41 pm - {log:[1000,2000,3000,4000,5000,6000,7000,8000,9000,10000,1000,2000,3000,4000,5000,6000,7000,8000,9000,10000,1000,2000,3000,4000,5000,6000,7000,8000,9000,10000,1000,2000,3000,4000,5000,6000,7000,8000,9000,10000,1000,2000,3000,4000,5000,6000,7000,8000,9000,10000,1000,2000,3000,4000,5000,6000,7000,8000,9000,10000,1000,2000,3000,4000,5000,6000,7000,8000,9000,10000,1000,2000,3000,4000,5000,6000,7000,8000,9000,10000]}
05/29/2019 04:12:50 pm - {log:[1000,2000,3000,4000,5000,6000,7000,8000,9000,10000,1000,2000,3000,4000,5000,6000,7000,8000,9000,10000,1000,2000,3000,4000,5000,6000,7000,8000,9000,10000,1000,2000,3000,4000,5000,6000,7000,8000,9000,10000,1000,2000,3000,4000,5000,6000,7000,8000,9000,10000,1000,2000,3000,4000,5000,6000,7000,8000,9000,10000,1000,2000,3000,4000,5000,6000,7000,8000,9000,10000,1000,2000,3000,4000,5000,6000,7000,8000,9000,10000]}
05/31/2019 05:22:16 pm - {log:[1000,2000,3000,4000,5000,6000,7000,8000,9000,10000,1000,2000,3000,4000,5000,6000,7000,8000,9000,10000,1000,2000,3000,4000,5000,6000,7000,8000,9000,10000,1000,2000,3000,4000,5000,6000,7000,8000,9000,10000,1000,2000,3000,4000,5000,6000,7000,8000,9000,10000,1000,2000,3000,4000,5000,6000,7000,8000,9000,10000,707839070,0,0,0,0,0,0,0,0,0,645595361,0,0,0,0,0,0,0,0,0]}
06/01/2019 01:34:43 am - {log:[0,1,2,3,4,5,6,7,8,9,10,11,12,13,14,15,16,17,18,19,20,21,22,23,24,25,26,27,28,29,30,31,32,33,34,35,36,37,38,39,40,41,42,43,44,45,46,47,48,49,540147858,0,0,0,0,0,0,0,0,0,707841897,0,0,0,0,0,0,0,0,0,707841640,0,0,0,0,0,0,0,0,0]}
06/01/2019 11:54:17 pm - {log:[359792839,0,0,0,0,0,0,0,0,0,707841640,0,0,0,0,0,0,0,0,0,707841640,0,0,0,0,0,0,0,0,0,707841640,0,0,0,0,0,0,0,0,0,707841383,0,0,0,0,0,0,0,0,0,707841383,0,0,0,0,0,0,0,0,0,707841640,0,0,0,0,0,0,0,0,0,707841640,0,0,0,0,0,0,0,0,0]}
06/02/2019 02:40:10 am - {log:[0,1,2,3,4,5,6,7,8,9,10,11,12,13,14,15,16,17,18,19,20,21,22,23,24,25,26,27,28,29,30,31,32,33,34,35,36,37,38,39,40,41,42,43,44,45,46,47,48,49,50,51,52,53,54,55,56,57,58,59,60,61,62,63,64,65,66,67,68,69,661573283,0,0,0,0,0,0,0,0,0]}
06/02/2019 11:26:02 am - 
06/02/2019 11:39:52 am - 
06/02/2019 11:39:54 am - 
06/02/2019 11:39:54 am - 
06/02/2019 11:39:54 am - 
06/02/2019 11:39:55 am - 
06/02/2019 11:39:55 am - 
06/02/2019 11:39:55 am - 
06/02/2019 11:42:13 am - {log:[0,1,2,3,4,5,6,7,8,9,10,11,12,13,14,15,16,17,18,19,20,21,22,23,24,25,26,27,28,29,50051317,0,0,0,0,0,0,0,0,0,11665650,0,0,0,0,0,0,0,0,0,983119,0,0,0,0,0,0,0,0,0,1441878,0,0,0,0,0,0,0,0,0,655434,0,0,0,0,0,0,0,0,0]}
06/02/2019 11:47:59 am - {log:[0,1,2,3,4,5,6,7,8,9,10,11,12,13,14,15,16,17,18,19,20,21,22,23,24,25,26,27,28,29,16449595,0,0,0,0,0,0,0,0,0,2162785,0,0,0,0,0,0,0,0,0,917582,0,0,0,0,0,0,0,0,0,983119,0,0,0,0,0,0,0,0,0,2162785,0,0,0,0,0,0,0,0,0]}
06/02/2019 11:53:16 am - 
06/02/2019 11:56:12 am - 
06/02/2019 11:57:17 am - 
06/02/2019 12:00:16 pm - 
06/02/2019 12:00:18 pm - 
06/02/2019 12:00:19 pm - 
06/02/2019 12:00:20 pm - 
06/02/2019 12:00:20 pm - 
06/02/2019 12:00:21 pm - 
06/02/2019 12:00:21 pm - 
06/02/2019 12:00:22 pm - 
06/02/2019 12:00:22 pm - 
06/02/2019 12:00:23 pm - 
06/02/2019 12:00:23 pm - 
06/02/2019 12:00:24 pm - 
06/02/2019 12:00:27 pm - 
06/02/2019 12:52:08 pm - 
06/02/2019 12:52:09 pm - 
06/02/2019 12:52:09 pm - 
06/02/2019 12:52:10 pm - 
06/02/2019 12:52:11 pm - 
06/02/2019 12:52:11 pm - 
06/02/2019 12:52:12 pm - 
06/02/2019 12:53:17 pm - 
06/02/2019 12:53:27 pm - 
06/02/2019 12:53:28 pm - 
06/02/2019 12:53:28 pm - 
06/02/2019 12:53:29 pm - 
06/02/2019 12:54:04 pm - 
06/02/2019 12:54:04 pm - 
06/02/2019 12:54:05 pm - 
06/02/2019 12:54:05 pm - 
06/02/2019 12:54:05 pm - 
06/02/2019 12:55:34 pm - {log:[0,1,2,3,4,5,6,7,8,9,10,11,12,13,14,15,16,17,18,19,20,21,22,23,24,25,26,27,28,29,265289759,0,0,0,0,0,0,0,0,0,786508,0,0,0,0,0,0,0,0,0,655434,0,0,0,0,0,0,0,0,0,1310804,0,0,0,0,0,0,0,0,0,1245267,0,0,0,0,0,0,0,0,0]}
06/02/2019 12:55:45 pm - {log:[0,1,2,3,4,5,6,7,8,9,10,11,12,13,14,15,16,17,18,19,20,21,22,23,24,25,26,27,28,29,265289759,0,0,0,0,0,0,0,0,0,786508,0,0,0,0,0,0,0,0,0,655434,0,0,0,0,0,0,0,0,0,1310804,0,0,0,0,0,0,0,0,0,786508,0,0,0,0,0,0,0,0,0]}
06/02/2019 12:55:57 pm - {log:[0,1,2,3,4,5,6,7,8,9,10,11,12,13,14,15,16,17,18,19,20,21,22,23,24,25,26,27,28,29,265289759,0,0,0,0,0,0,0,0,0,786508,0,0,0,0,0,0,0,0,0,655434,0,0,0,0,0,0,0,0,0,1310804,0,0,0,0,0,0,0,0,0,720971,0,0,0,0,0,0,0,0,0]}
06/02/2019 12:56:08 pm - {log:[0,1,2,3,4,5,6,7,8,9,10,11,12,13,14,15,16,17,18,19,20,21,22,23,24,25,26,27,28,29,265289759,0,0,0,0,0,0,0,0,0,786508,0,0,0,0,0,0,0,0,0,655434,0,0,0,0,0,0,0,0,0,1310804,0,0,0,0,0,0,0,0,0,786508,0,0,0,0,0,0,0,0,0]}
06/02/2019 12:56:23 pm - {log:[0,1,2,3,4,5,6,7,8,9,10,11,12,13,14,15,16,17,18,19,20,21,22,23,24,25,26,27,28,29,265289759,0,0,0,0,0,0,0,0,0,786508,0,0,0,0,0,0,0,0,0,655434,0,0,0,0,0,0,0,0,0,1310804,0,0,0,0,0,0,0,0,0,720971,0,0,0,0,0,0,0,0,0]}
06/02/2019 12:56:35 pm - {log:[0,1,2,3,4,5,6,7,8,9,10,11,12,13,14,15,16,17,18,19,20,21,22,23,24,25,26,27,28,29,265289759,0,0,0,0,0,0,0,0,0,786508,0,0,0,0,0,0,0,0,0,655434,0,0,0,0,0,0,0,0,0,1310804,0,0,0,0,0,0,0,0,0,1048656,0,0,0,0,0,0,0,0,0]}
06/02/2019 12:56:47 pm - {log:[0,1,2,3,4,5,6,7,8,9,10,11,12,13,14,15,16,17,18,19,20,21,22,23,24,25,26,27,28,29,265289759,0,0,0,0,0,0,0,0,0,786508,0,0,0,0,0,0,0,0,0,655434,0,0,0,0,0,0,0,0,0,1310804,0,0,0,0,0,0,0,0,0,786508,0,0,0,0,0,0,0,0,0]}
06/02/2019 12:56:58 pm - {log:[0,1,2,3,4,5,6,7,8,9,10,11,12,13,14,15,16,17,18,19,20,21,22,23,24,25,26,27,28,29,265289759,0,0,0,0,0,0,0,0,0,786508,0,0,0,0,0,0,0,0,0,655434,0,0,0,0,0,0,0,0,0,1310804,0,0,0,0,0,0,0,0,0,720971,0,0,0,0,0,0,0,0,0]}
06/02/2019 12:57:09 pm - {log:[0,1,2,3,4,5,6,7,8,9,10,11,12,13,14,15,16,17,18,19,20,21,22,23,24,25,26,27,28,29,265289759,0,0,0,0,0,0,0,0,0,786508,0,0,0,0,0,0,0,0,0,655434,0,0,0,0,0,0,0,0,0,1310804,0,0,0,0,0,0,0,0,0,786508,0,0,0,0,0,0,0,0,0]}
06/02/2019 12:57:21 pm - {log:[0,1,2,3,4,5,6,7,8,9,10,11,12,13,14,15,16,17,18,19,20,21,22,23,24,25,26,27,28,29,265289759,0,0,0,0,0,0,0,0,0,786508,0,0,0,0,0,0,0,0,0,655434,0,0,0,0,0,0,0,0,0,1310804,0,0,0,0,0,0,0,0,0,720971,0,0,0,0,0,0,0,0,0]}
06/02/2019 12:57:28 pm - 
06/02/2019 12:57:32 pm - {log:[0,1,2,3,4,5,6,7,8,9,10,11,12,13,14,15,16,17,18,19,20,21,22,23,24,25,26,27,28,29,265289759,0,0,0,0,0,0,0,0,0,786508,0,0,0,0,0,0,0,0,0,655434,0,0,0,0,0,0,0,0,0,1310804,0,0,0,0,0,0,0,0,0,786508,0,0,0,0,0,0,0,0,0]}
06/02/2019 04:23:50 pm - {log:[0,1,2,3,4,5,6,7,8,9,10,11,12,13,14,15,16,17,18,19,20,21,22,23,24,25,26,27,28,29,30,31,32,33,34,35,36,37,38,39,441254055,0,0,0,0,0,0,0,0,0,112656637,0,0,0,0,0,0,0,0,0,131858467,0,0,0,0,0,0,0,0,0,135659614,0,0,0,0,0,0,0,0,0]}
06/04/2019 04:24:51 pm - {log:[680512964,0,0,0,0,0,0,0,0,0,707841383,0,0,0,0,0,0,0,0,0,707841383,0,0,0,0,0,0,0,0,0,707841383,0,0,0,0,0,0,0,0,0,707841383,0,0,0,0,0,0,0,0,0,528548064,0,0,0,0,0,0,0,0,0,1966174,0,0,0,0,0,0,0,0,0,917582,0,0,0,0,0,0,0,0,0]}
06/04/2019 11:50:48 pm - {log:[0,1,2,3,4,5,6,7,8,9,10,11,12,13,14,15,16,17,18,19,20,21,22,23,24,25,26,27,28,29,30,31,32,33,34,35,36,37,38,39,40,41,42,43,44,45,46,47,48,49,354943101,0,0,0,0,0,0,0,0,0,707841383,0,0,0,0,0,0,0,0,0,707841383,0,0,0,0,0,0,0,0,0]}
06/04/2019 11:59:42 pm - {log:[0,1,2,3,4,5,6,7,8,9,10,11,12,13,14,15,16,17,18,19,20,21,22,23,24,25,26,27,28,29,30,31,32,33,34,35,36,37,38,39,40,41,42,43,44,45,46,47,48,49,50,51,52,53,54,55,56,57,58,59,60,61,62,63,64,65,66,67,68,69,35651682,0,0,0,0,0,0,0,0,0]}
06/05/2019 12:00:10 am - {log:[0,1,2,3,4,5,6,7,8,9,10,11,12,13,14,15,16,17,18,19,20,21,22,23,24,25,26,27,28,29,30,31,32,33,34,35,36,37,38,39,40,41,42,43,44,45,46,47,48,49,50,51,52,53,54,55,56,57,58,59,60,61,62,63,64,65,66,67,68,69,1900637,0,0,0,0,0,0,0,0,0]}
08/25/2019 04:24:46 pm - 
